INFO [2020-02-04 18:25:47] [[1]]
INFO [2020-02-04 18:25:47] d0_d7_d21_int
INFO [2020-02-04 18:25:47] 
INFO [2020-02-04 18:25:47] $category.names
INFO [2020-02-04 18:25:47] c("d0", "d7", "d21")
INFO [2020-02-04 18:25:47] 
INFO [2020-02-04 18:25:47] $imagetype
INFO [2020-02-04 18:25:47] [1] "tiff"
INFO [2020-02-04 18:25:47] 
INFO [2020-02-04 18:25:47] $resolution
INFO [2020-02-04 18:25:47] [1] 320
INFO [2020-02-04 18:25:47] 
INFO [2020-02-04 18:25:47] $filename
INFO [2020-02-04 18:25:47] [1] "./nosva_v4/Figures/d0_d7_d21_DE_venn.tiff"
INFO [2020-02-04 18:25:47] 
INFO [2020-02-04 18:25:47] $output
INFO [2020-02-04 18:25:47] [1] TRUE
INFO [2020-02-04 18:25:47] 
INFO [2020-02-04 18:25:47] $lwd
INFO [2020-02-04 18:25:47] [1] 2
INFO [2020-02-04 18:25:47] 
INFO [2020-02-04 18:25:47] $lty
INFO [2020-02-04 18:25:47] [1] "blank"
INFO [2020-02-04 18:25:47] 
INFO [2020-02-04 18:25:47] $fill
INFO [2020-02-04 18:25:47] myCol
INFO [2020-02-04 18:25:47] 
INFO [2020-02-04 18:25:47] $cex
INFO [2020-02-04 18:25:47] [1] 2
INFO [2020-02-04 18:25:47] 
INFO [2020-02-04 18:25:47] $fontface
INFO [2020-02-04 18:25:47] [1] "bold"
INFO [2020-02-04 18:25:47] 
INFO [2020-02-04 18:25:47] $fontfamily
INFO [2020-02-04 18:25:47] [1] "sans"
INFO [2020-02-04 18:25:47] 
INFO [2020-02-04 18:25:47] $cat.cex
INFO [2020-02-04 18:25:47] [1] 2
INFO [2020-02-04 18:25:47] 
INFO [2020-02-04 18:25:47] $cat.fontface
INFO [2020-02-04 18:25:47] [1] "bold"
INFO [2020-02-04 18:25:47] 
INFO [2020-02-04 18:25:47] $cat.default.pos
INFO [2020-02-04 18:25:47] [1] "outer"
INFO [2020-02-04 18:25:47] 
INFO [2020-02-04 18:25:47] $cat.pos
INFO [2020-02-04 18:25:47] c(-27, 27, 135)
INFO [2020-02-04 18:25:47] 
INFO [2020-02-04 18:25:47] $cat.dist
INFO [2020-02-04 18:25:47] c(0.055, 0.035, 0.085)
INFO [2020-02-04 18:25:47] 
INFO [2020-02-04 18:25:47] $cat.fontfamily
INFO [2020-02-04 18:25:47] [1] "sans"
INFO [2020-02-04 18:25:47] 
INFO [2020-02-04 18:25:47] $rotation
INFO [2020-02-04 18:25:47] [1] 1
INFO [2020-02-04 18:25:47] 
