INFO [2020-02-04 18:26:16] [[1]]
INFO [2020-02-04 18:26:16] d0_d7_d21_int
INFO [2020-02-04 18:26:16] 
INFO [2020-02-04 18:26:16] $category.names
INFO [2020-02-04 18:26:16] c("d0", "d7", "d21")
INFO [2020-02-04 18:26:16] 
INFO [2020-02-04 18:26:16] $imagetype
INFO [2020-02-04 18:26:16] [1] "tiff"
INFO [2020-02-04 18:26:16] 
INFO [2020-02-04 18:26:16] $resolution
INFO [2020-02-04 18:26:16] [1] 320
INFO [2020-02-04 18:26:16] 
INFO [2020-02-04 18:26:16] $filename
INFO [2020-02-04 18:26:16] [1] "./nosva_v4/Figures/d0_d7_d21_DE_venn.tiff"
INFO [2020-02-04 18:26:16] 
INFO [2020-02-04 18:26:16] $output
INFO [2020-02-04 18:26:16] [1] TRUE
INFO [2020-02-04 18:26:16] 
INFO [2020-02-04 18:26:16] $lwd
INFO [2020-02-04 18:26:16] [1] 2
INFO [2020-02-04 18:26:16] 
INFO [2020-02-04 18:26:16] $lty
INFO [2020-02-04 18:26:16] [1] "blank"
INFO [2020-02-04 18:26:16] 
INFO [2020-02-04 18:26:16] $fill
INFO [2020-02-04 18:26:16] myCol
INFO [2020-02-04 18:26:16] 
INFO [2020-02-04 18:26:16] $cex
INFO [2020-02-04 18:26:16] [1] 2
INFO [2020-02-04 18:26:16] 
INFO [2020-02-04 18:26:16] $fontface
INFO [2020-02-04 18:26:16] [1] "bold"
INFO [2020-02-04 18:26:16] 
INFO [2020-02-04 18:26:16] $fontfamily
INFO [2020-02-04 18:26:16] [1] "sans"
INFO [2020-02-04 18:26:16] 
INFO [2020-02-04 18:26:16] $cat.cex
INFO [2020-02-04 18:26:16] [1] 2
INFO [2020-02-04 18:26:16] 
INFO [2020-02-04 18:26:16] $cat.fontface
INFO [2020-02-04 18:26:16] [1] "bold"
INFO [2020-02-04 18:26:16] 
INFO [2020-02-04 18:26:16] $cat.default.pos
INFO [2020-02-04 18:26:16] [1] "outer"
INFO [2020-02-04 18:26:16] 
INFO [2020-02-04 18:26:16] $cat.pos
INFO [2020-02-04 18:26:16] c(-27, 27, 135)
INFO [2020-02-04 18:26:16] 
INFO [2020-02-04 18:26:16] $cat.dist
INFO [2020-02-04 18:26:16] c(0.055, 0.035, 0.085)
INFO [2020-02-04 18:26:16] 
INFO [2020-02-04 18:26:16] $cat.fontfamily
INFO [2020-02-04 18:26:16] [1] "sans"
INFO [2020-02-04 18:26:16] 
INFO [2020-02-04 18:26:16] $rotation
INFO [2020-02-04 18:26:16] [1] 1
INFO [2020-02-04 18:26:16] 
